<?xml version="1.0" encoding="UTF-8"?>
<!-- Generated by org.testng.reporters.JUnitReportReporter -->
<testsuite hostname="DESKTOP-JJEVG5C" name="com.banking.LogIn" tests="1" failures="0" timestamp="17 Nov 2017 02:29:09 GMT" time="9.939" errors="0">
  <testcase name="logIn" time="9.939" classname="com.banking.LogIn"/>
</testsuite> <!-- com.banking.LogIn -->
