<?xml version="1.0" encoding="UTF-8"?>
<!-- Generated by org.testng.reporters.JUnitReportReporter -->
<testsuite hostname="DESKTOP-JJEVG5C" name="test.LogInTest" tests="1" failures="0" timestamp="17 Nov 2017 04:54:57 GMT" time="2.611" errors="0">
  <testcase name="testLogin" time="2.611" classname="test.LogInTest"/>
</testsuite> <!-- test.LogInTest -->
