<?xml version="1.0" encoding="UTF-8"?>
<!-- Generated by org.testng.reporters.JUnitReportReporter -->
<testsuite hostname="DESKTOP-JJEVG5C" name="test.LogInTest" tests="1" failures="0" timestamp="19 Nov 2017 19:22:12 GMT" time="5.059" errors="0">
  <testcase name="testLogin" time="5.059" classname="test.LogInTest"/>
</testsuite> <!-- test.LogInTest -->
