<?xml version="1.0" encoding="UTF-8"?>
<!-- Generated by org.testng.reporters.JUnitReportReporter -->
<testsuite name="com.selenium.framework.Test.modules.Module1" tests="5" time="150.109" ignored="0" failures="0" timestamp="24 Dec 2017 16:30:09 GMT" skipped="0" hostname="DESKTOP-JJEVG5C" errors="0">
  <testcase name="logIn" time="40.404" classname="com.selenium.framework.Test.modules.Module1"/>
  <testcase name="logIn" time="41.778" classname="com.selenium.framework.Test.modules.Module1"/>
  <testcase name="logIn" time="13.512" classname="com.selenium.framework.Test.modules.Module1"/>
  <testcase name="logIn" time="41.299" classname="com.selenium.framework.Test.modules.Module1"/>
  <testcase name="logIn" time="13.116" classname="com.selenium.framework.Test.modules.Module1"/>
</testsuite> <!-- com.selenium.framework.Test.modules.Module1 -->
